<?xml version="1.0" encoding="UTF-8"?>
<!-- Generated by org.testng.reporters.JUnitReportReporter -->
<testsuite skipped="0" hostname="HRISHIKESHSALU" name="com.sevenRMartSuperMarketTestScripts.ManageOfferCodeTest" tests="2" failures="0" timestamp="2023-05-05T20:11:38 IST" time="27.585" errors="0">
  <testcase name="verifyNewOfferCodeAddedIsDisplayedInListOfferCodeTableByClickingSearchButton" time="14.146" classname="com.sevenRMartSuperMarketTestScripts.ManageOfferCodeTest"/>
  <system-out/>
  <testcase name="verifyNewOfferCodeCanBeAddedByClickingNewButtonAndEnteringValidOfferDetails" time="13.439" classname="com.sevenRMartSuperMarketTestScripts.ManageOfferCodeTest"/>
  <system-out/>
</testsuite> <!-- com.sevenRMartSuperMarketTestScripts.ManageOfferCodeTest -->
