<?xml version="1.0" encoding="UTF-8"?>
<!-- Generated by org.testng.reporters.JUnitReportReporter -->
<testsuite hostname="HRISHIKESHSALU" failures="0" tests="4" name="com.sevenRMartSuperMarketTest.Verify_LoginTest" time="33.624" errors="0" timestamp="2023-04-21T22:40:49 IST" skipped="0">
  <testcase classname="com.sevenRMartSuperMarketTest.Verify_LoginTest" name="loginWithValidCredentials" time="7.850"/>
  <system-out/>
  <testcase classname="com.sevenRMartSuperMarketTest.Verify_LoginTest" name="loginWithValidCredentials" time="6.895"/>
  <system-out/>
  <testcase classname="com.sevenRMartSuperMarketTest.Verify_LoginTest" name="loginWithValidCredentials" time="10.362"/>
  <system-out/>
  <testcase classname="com.sevenRMartSuperMarketTest.Verify_LoginTest" name="loginWithValidCredentials" time="8.517"/>
  <system-out/>
</testsuite> <!-- com.sevenRMartSuperMarketTest.Verify_LoginTest -->
