<?xml version="1.0" encoding="UTF-8"?>
<!-- Generated by org.testng.reporters.JUnitReportReporter -->
<testsuite hostname="HRISHIKESHSALU" failures="0" tests="4" name="com.sevenRMartSuperMarketTestScripts.ManageOrdersTest" time="85.986" errors="0" timestamp="2023-04-30T11:33:09 IST" skipped="0">
  <testcase classname="com.sevenRMartSuperMarketTestScripts.ManageOrdersTest" name="verifyUsersCanViewOrderDetailsInManageOrdersPageByClickingViewInListOrdersTable" time="21.357"/>
  <system-out/>
  <testcase classname="com.sevenRMartSuperMarketTestScripts.ManageOrdersTest" name="verifydeliveryBoyIsAssignedForEverOrderCanBeUpdtedInListOrderTable" time="22.771"/>
  <system-out/>
  <testcase classname="com.sevenRMartSuperMarketTestScripts.ManageOrdersTest" name="verifyChangeStausUpdatedIsUpdatedInListOrderTable" time="20.717"/>
  <system-out/>
  <testcase classname="com.sevenRMartSuperMarketTestScripts.ManageOrdersTest" name="verifyUsersCanAbleToDeleteOrderDetailsFromListOrderTable" time="21.141"/>
  <system-out/>
</testsuite> <!-- com.sevenRMartSuperMarketTestScripts.ManageOrdersTest -->
