<?xml version="1.0" encoding="UTF-8"?>
<!-- Generated by org.testng.reporters.JUnitReportReporter -->
<testsuite skipped="0" hostname="HRISHIKESHSALU" name="com.sevenRMartSuperMarketTestScripts.ManageUsersTest" tests="3" failures="0" timestamp="2023-05-05T20:11:38 IST" time="48.903" errors="0">
  <testcase name="verifyManageUsersPageResetButtonColorIsYellow" time="12.577" classname="com.sevenRMartSuperMarketTestScripts.ManageUsersTest"/>
  <system-out/>
  <testcase name="VerifyUserIsAvailable_InListUsersTableByClickingSearchButtonAndEnteringValueInNameFieldAndClickSearchButtonInSearchListUsers" time="19.341" classname="com.sevenRMartSuperMarketTestScripts.ManageUsersTest"/>
  <system-out/>
  <testcase name="verifyManageUsersSearchButtonBackGroundColorIsBlue" time="16.985" classname="com.sevenRMartSuperMarketTestScripts.ManageUsersTest"/>
  <system-out/>
</testsuite> <!-- com.sevenRMartSuperMarketTestScripts.ManageUsersTest -->
