<?xml version="1.0" encoding="UTF-8"?>
<!-- Generated by org.testng.reporters.JUnitReportReporter -->
<testsuite hostname="HRISHIKESHSALU" failures="0" tests="3" name="com.sevenRMartSuperMarketTestScripts.ManageSliderTest" time="63.452" errors="0" timestamp="2023-04-30T11:33:09 IST" skipped="0">
  <testcase classname="com.sevenRMartSuperMarketTestScripts.ManageSliderTest" name="addNewSlideraddedIsDispalyedInListSliderTable" time="21.047"/>
  <system-out/>
  <testcase classname="com.sevenRMartSuperMarketTestScripts.ManageSliderTest" name="addNewSliderInListSliderTable" time="21.030"/>
  <system-out/>
  <testcase classname="com.sevenRMartSuperMarketTestScripts.ManageSliderTest" name="deleteSliderFromListSliderTable" time="21.375"/>
  <system-out/>
</testsuite> <!-- com.sevenRMartSuperMarketTestScripts.ManageSliderTest -->
