<?xml version="1.0" encoding="UTF-8"?>
<!-- Generated by org.testng.reporters.JUnitReportReporter -->
<testsuite hostname="HRISHIKESHSALU" failures="0" tests="1" name="com.sevenRMartSuperMarketTestScripts.PushNotificationsTest" time="24.491" errors="0" timestamp="2023-04-30T11:33:09 IST" skipped="0">
  <testcase classname="com.sevenRMartSuperMarketTestScripts.PushNotificationsTest" name="verifyAnAlertMessageIsSendByEnteringTitleAndDescriptionAndClickSend" time="24.491"/>
  <system-out/>
</testsuite> <!-- com.sevenRMartSuperMarketTestScripts.PushNotificationsTest -->
