<?xml version="1.0" encoding="UTF-8"?>
<!-- Generated by org.testng.reporters.JUnitReportReporter -->
<testsuite hostname="HRISHIKESHSALU" failures="0" tests="2" name="com.sevenRMartSuperMarketTestScripts.MobileSliderTest" time="42.812" errors="0" timestamp="2023-04-30T11:33:09 IST" skipped="0">
  <testcase classname="com.sevenRMartSuperMarketTestScripts.MobileSliderTest" name="verifyNewMobileSlidercanBeSAddedByClickingNewInMobileSliderPage" time="20.520"/>
  <system-out/>
  <testcase classname="com.sevenRMartSuperMarketTestScripts.MobileSliderTest" name="verifyMobileSliderCanBeDeletedFromListMobileSlidersTableByClickingDeleteButtonInListMobileSliderTable" time="22.292"/>
  <system-out/>
</testsuite> <!-- com.sevenRMartSuperMarketTestScripts.MobileSliderTest -->
