<?xml version="1.0" encoding="UTF-8"?>
<!-- Generated by org.testng.reporters.JUnitReportReporter -->
<testsuite hostname="HRISHIKESHSALU" failures="0" tests="1" name="com.sevenRMartSuperMarketTestScripts.ManagePagesTest" time="23.938" errors="0" timestamp="2023-04-30T12:17:20 IST" skipped="0">
  <testcase classname="com.sevenRMartSuperMarketTestScripts.ManagePagesTest" name="serachPageIsPresentInListPagesTable" time="23.938"/>
  <system-out/>
</testsuite> <!-- com.sevenRMartSuperMarketTestScripts.ManagePagesTest -->
