<?xml version="1.0" encoding="UTF-8"?>
<!-- Generated by org.testng.reporters.JUnitReportReporter -->
<testsuite hostname="HRISHIKESHSALU" failures="0" tests="2" name="com.sevenRMartSuperMarketTestScripts.SiteNameTest" time="43.278" errors="0" timestamp="2023-04-30T11:33:09 IST" skipped="0">
  <testcase classname="com.sevenRMartSuperMarketTestScripts.SiteNameTest" name="verifySiteNameIsDisplayedCorrectly" time="21.893"/>
  <system-out/>
  <testcase classname="com.sevenRMartSuperMarketTestScripts.SiteNameTest" name="getFontsizeOfsiteName" time="21.385"/>
  <system-out/>
</testsuite> <!-- com.sevenRMartSuperMarketTestScripts.SiteNameTest -->
