<?xml version="1.0" encoding="UTF-8"?>
<!-- Generated by org.testng.reporters.JUnitReportReporter -->
<testsuite hostname="HRISHIKESHSALU" failures="0" tests="1" name="com.sevenRMartSuperMarketTest.ManageOffedCodeTest" time="4.978" errors="0" timestamp="2023-04-18T20:07:48 IST" skipped="0">
  <testcase classname="com.sevenRMartSuperMarketTest.ManageOffedCodeTest" name="manageoffercode" time="4.978"/>
  <system-out/>
</testsuite> <!-- com.sevenRMartSuperMarketTest.ManageOffedCodeTest -->
