<?xml version="1.0" encoding="UTF-8"?>
<!-- Generated by org.testng.reporters.JUnitReportReporter -->
<testsuite hostname="HRISHIKESHSALU" failures="0" tests="2" name="com.sevenRMartSuperMarketTest.ManageProductsTest" time="40.596" errors="0" timestamp="2023-04-27T13:52:39 IST" skipped="0">
  <testcase classname="com.sevenRMartSuperMarketTest.ManageProductsTest" name="manageProductsfaker" time="19.912"/>
  <system-out/>
  <testcase classname="com.sevenRMartSuperMarketTest.ManageProductsTest" name="manageProductsAddProductTypeRadioButton" time="20.684"/>
  <system-out/>
</testsuite> <!-- com.sevenRMartSuperMarketTest.ManageProductsTest -->
