<?xml version="1.0" encoding="UTF-8"?>
<!-- Generated by org.testng.reporters.JUnitReportReporter -->
<testsuite hostname="HRISHIKESHSALU" failures="0" tests="1" name="com.sevenRMartSuperMarketTest.VerifyUsersTest" time="19.336" errors="0" timestamp="2023-04-27T13:52:39 IST" skipped="0">
  <testcase classname="com.sevenRMartSuperMarketTest.VerifyUsersTest" name="verifyUsers" time="19.336"/>
  <system-out/>
</testsuite> <!-- com.sevenRMartSuperMarketTest.VerifyUsersTest -->
