<?xml version="1.0" encoding="UTF-8"?>
<!-- Generated by org.testng.reporters.JUnitReportReporter -->
<testsuite hostname="HRISHIKESHSALU" failures="0" tests="2" name="com.sevenRMartSuperMarketTest.ManageProductsTest" time="17.847" errors="0" timestamp="2023-04-22T17:37:06 IST" skipped="0">
  <testcase classname="com.sevenRMartSuperMarketTest.ManageProductsTest" name="manageProductsfaker" time="8.495"/>
  <system-out/>
  <testcase classname="com.sevenRMartSuperMarketTest.ManageProductsTest" name="manageProductsAddProductTypeRadioButton" time="9.352"/>
  <system-out/>
</testsuite> <!-- com.sevenRMartSuperMarketTest.ManageProductsTest -->
