<?xml version="1.0" encoding="UTF-8"?>
<!-- Generated by org.testng.reporters.JUnitReportReporter -->
<testsuite hostname="HRISHIKESHSALU" failures="0" tests="3" name="com.sevenRMartSuperMarketTestScripts.ManagePaymentMethodsTest" time="66.155" errors="0" timestamp="2023-04-28T14:55:59 IST" skipped="0">
  <testcase classname="com.sevenRMartSuperMarketTestScripts.ManagePaymentMethodsTest" name="managePaymentMethodsType" time="21.207"/>
  <system-out/>
  <testcase classname="com.sevenRMartSuperMarketTestScripts.ManagePaymentMethodsTest" name="managePaymentMethodsAction" time="23.277"/>
  <system-out/>
  <testcase classname="com.sevenRMartSuperMarketTestScripts.ManagePaymentMethodsTest" name="navigateBackToManagePayment" time="21.671"/>
  <system-out/>
</testsuite> <!-- com.sevenRMartSuperMarketTestScripts.ManagePaymentMethodsTest -->
