<?xml version="1.0" encoding="UTF-8"?>
<!-- Generated by org.testng.reporters.JUnitReportReporter -->
<testsuite hostname="HRISHIKESHSALU" failures="0" tests="1" name="com.sevenRMartSuperMarketTest.VerifyUsersTest" time="5.133" errors="0" timestamp="2023-04-18T12:29:17 IST" skipped="0">
  <testcase classname="com.sevenRMartSuperMarketTest.VerifyUsersTest" name="verifyUsers" time="5.133"/>
  <system-out/>
</testsuite> <!-- com.sevenRMartSuperMarketTest.VerifyUsersTest -->
