<?xml version="1.0" encoding="UTF-8"?>
<!-- Generated by org.testng.reporters.JUnitReportReporter -->
<testsuite skipped="0" hostname="HRISHIKESHSALU" name="com.sevenRMartSuperMarketTestScripts.ManagePagesTest" tests="1" failures="0" timestamp="2023-05-05T20:11:38 IST" time="18.466" errors="0">
  <testcase name="verifyPageIsPresentInListPagesTableByEnteringPageNameAndClickingSearchButton" time="18.466" classname="com.sevenRMartSuperMarketTestScripts.ManagePagesTest"/>
  <system-out/>
</testsuite> <!-- com.sevenRMartSuperMarketTestScripts.ManagePagesTest -->
