<?xml version="1.0" encoding="UTF-8"?>
<!-- Generated by org.testng.reporters.JUnitReportReporter -->
<testsuite hostname="HRISHIKESHSALU" failures="0" tests="4" name="com.sevenRMartSuperMarketTest.LoginTest" time="53.279" errors="0" timestamp="2023-04-22T17:37:06 IST" skipped="0">
  <testcase classname="com.sevenRMartSuperMarketTest.LoginTest" name="loginWithValidCredentials" time="15.687"/>
  <system-out/>
  <testcase classname="com.sevenRMartSuperMarketTest.LoginTest" name="loginWithInValidCredentials" time="12.696"/>
  <system-out/>
  <testcase classname="com.sevenRMartSuperMarketTest.LoginTest" name="loginWithInValidCredentials" time="13.479"/>
  <system-out/>
  <testcase classname="com.sevenRMartSuperMarketTest.LoginTest" name="loginWithInValidCredentials" time="11.417"/>
  <system-out/>
</testsuite> <!-- com.sevenRMartSuperMarketTest.LoginTest -->
