<?xml version="1.0" encoding="UTF-8"?>
<!-- Generated by org.testng.reporters.JUnitReportReporter -->
<testsuite hostname="HRISHIKESHSALU" failures="0" tests="3" name="com.sevenRMartSuperMarketTestScripts.ManageSliderTest" time="39.806" errors="0" timestamp="2023-04-28T14:55:59 IST" skipped="0">
  <testcase classname="com.sevenRMartSuperMarketTestScripts.ManageSliderTest" name="deleteSliderFromListSliderTable" time="11.719"/>
  <system-out/>
  <testcase classname="com.sevenRMartSuperMarketTestScripts.ManageSliderTest" name="addNewSlideraddedIsDispalyedInListSliderTable" time="8.070"/>
  <system-out/>
  <testcase classname="com.sevenRMartSuperMarketTestScripts.ManageSliderTest" name="addNewSliderInListSliderTable" time="20.017"/>
  <system-out/>
</testsuite> <!-- com.sevenRMartSuperMarketTestScripts.ManageSliderTest -->
