<?xml version="1.0" encoding="UTF-8"?>
<!-- Generated by org.testng.reporters.JUnitReportReporter -->
<testsuite hostname="HRISHIKESHSALU" failures="0" tests="3" name="com.sevenRMartSuperMarketTestScripts.ManagePaymentMethodsTest" time="71.271" errors="0" timestamp="2023-04-30T11:33:09 IST" skipped="0">
  <testcase classname="com.sevenRMartSuperMarketTestScripts.ManagePaymentMethodsTest" name="navigateBackToManagePayment" time="23.829"/>
  <system-out/>
  <testcase classname="com.sevenRMartSuperMarketTestScripts.ManagePaymentMethodsTest" name="managePaymentMethodsType" time="22.229"/>
  <system-out/>
  <testcase classname="com.sevenRMartSuperMarketTestScripts.ManagePaymentMethodsTest" name="managePaymentMethodsAction" time="25.213"/>
  <system-out/>
</testsuite> <!-- com.sevenRMartSuperMarketTestScripts.ManagePaymentMethodsTest -->
