<?xml version="1.0" encoding="UTF-8"?>
<!-- Generated by org.testng.reporters.JUnitReportReporter -->
<testsuite hostname="HRISHIKESHSALU" failures="0" tests="2" name="com.sevenRMartSuperMarketTest.ManagePaymentMethodsTest" time="26.116" errors="0" timestamp="2023-04-22T17:37:06 IST" skipped="0">
  <testcase classname="com.sevenRMartSuperMarketTest.ManagePaymentMethodsTest" name="managePaymentMethodsAction" time="14.786"/>
  <system-out/>
  <testcase classname="com.sevenRMartSuperMarketTest.ManagePaymentMethodsTest" name="managePaymentMethodsType" time="11.330"/>
  <system-out/>
</testsuite> <!-- com.sevenRMartSuperMarketTest.ManagePaymentMethodsTest -->
