<?xml version="1.0" encoding="UTF-8"?>
<!-- Generated by org.testng.reporters.JUnitReportReporter -->
<testsuite skipped="0" hostname="HRISHIKESHSALU" name="com.sevenRMartSuperMarketTestScripts.HomePageTest" tests="1" failures="0" timestamp="2023-05-05T20:11:38 IST" time="12.830" errors="0">
  <testcase name="getStylePropertyColorOfMoreInfoInHomePage" time="12.830" classname="com.sevenRMartSuperMarketTestScripts.HomePageTest"/>
  <system-out/>
</testsuite> <!-- com.sevenRMartSuperMarketTestScripts.HomePageTest -->
