<?xml version="1.0" encoding="UTF-8"?>
<!-- Generated by org.testng.reporters.JUnitReportReporter -->
<testsuite skipped="0" hostname="HRISHIKESHSALU" name="com.sevenRMartSuperMarketTestScripts.ManagePaymentMethodsTest" tests="3" failures="0" timestamp="2023-05-05T20:11:38 IST" time="32.376" errors="0">
  <testcase name="VerifyCerditCardPaymentMethodAndPayLimitIsDispalyedCorrectlyInManagePaymentMethodTable" time="13.428" classname="com.sevenRMartSuperMarketTestScripts.ManagePaymentMethodsTest"/>
  <system-out/>
  <testcase name="verifyUserCanUpdatePaymentDetailsByClickingActionButtonInManagePaymentMethodsTableAndEnterUpdatedTitle_UpdatedPayLimit_AndClickUpdateButton" time="10.775" classname="com.sevenRMartSuperMarketTestScripts.ManagePaymentMethodsTest"/>
  <system-out/>
  <testcase name="VerifyUserCanNavigateBackToHomePageByClickingHomeButtonInManagePayementMethodPage" time="8.173" classname="com.sevenRMartSuperMarketTestScripts.ManagePaymentMethodsTest"/>
  <system-out/>
</testsuite> <!-- com.sevenRMartSuperMarketTestScripts.ManagePaymentMethodsTest -->
