<?xml version="1.0" encoding="UTF-8"?>
<!-- Generated by org.testng.reporters.JUnitReportReporter -->
<testsuite hostname="HRISHIKESHSALU" failures="0" tests="3" name="com.sevenRMartSuperMarketTestScripts.ManageUsersTest" time="70.439" errors="0" timestamp="2023-04-30T11:33:09 IST" skipped="0">
  <testcase classname="com.sevenRMartSuperMarketTestScripts.ManageUsersTest" name="verifyManageUsersResetButtonBorderColor" time="22.970"/>
  <system-out/>
  <testcase classname="com.sevenRMartSuperMarketTestScripts.ManageUsersTest" name="VerifyManageUsersSearchButtonBackGroundColor" time="22.719"/>
  <system-out/>
  <testcase classname="com.sevenRMartSuperMarketTestScripts.ManageUsersTest" name="VerifyUserIsAvailable_InListUsersTable_InManageUsersPage_ByClickingOnSearchButton" time="24.750"/>
  <system-out/>
</testsuite> <!-- com.sevenRMartSuperMarketTestScripts.ManageUsersTest -->
