<?xml version="1.0" encoding="UTF-8"?>
<!-- Generated by org.testng.reporters.JUnitReportReporter -->
<testsuite hostname="HRISHIKESHSALU" failures="0" tests="1" name="com.sevenRMartSuperMarketTest.SiteNameTest" time="3.932" errors="0" timestamp="2023-04-18T12:29:17 IST" skipped="0">
  <testcase classname="com.sevenRMartSuperMarketTest.SiteNameTest" name="siteName" time="3.932"/>
  <system-out/>
</testsuite> <!-- com.sevenRMartSuperMarketTest.SiteNameTest -->
