<?xml version="1.0" encoding="UTF-8"?>
<!-- Generated by org.testng.reporters.JUnitReportReporter -->
<testsuite hostname="HRISHIKESHSALU" failures="0" tests="4" name="com.sevenRMartSuperMarketTest.LoginTest" time="74.625" errors="0" timestamp="2023-04-27T13:52:39 IST" skipped="0">
  <testcase classname="com.sevenRMartSuperMarketTest.LoginTest" name="loginWithValidCredentials" time="18.576"/>
  <system-out/>
  <testcase classname="com.sevenRMartSuperMarketTest.LoginTest" name="loginWithInValidCredentials" time="18.548"/>
  <system-out/>
  <testcase classname="com.sevenRMartSuperMarketTest.LoginTest" name="loginWithInValidCredentials" time="18.950"/>
  <system-out/>
  <testcase classname="com.sevenRMartSuperMarketTest.LoginTest" name="loginWithInValidCredentials" time="18.551"/>
  <system-out/>
</testsuite> <!-- com.sevenRMartSuperMarketTest.LoginTest -->
