<?xml version="1.0" encoding="UTF-8"?>
<!-- Generated by org.testng.reporters.JUnitReportReporter -->
<testsuite hostname="HRISHIKESHSALU" failures="0" tests="1" name="com.sevenRMartSuperMarketTest.ManageProductsTest" time="11.191" errors="0" timestamp="2023-04-19T17:41:12 IST" skipped="0">
  <testcase classname="com.sevenRMartSuperMarketTest.ManageProductsTest" name="manageProducts" time="11.191"/>
  <system-out/>
</testsuite> <!-- com.sevenRMartSuperMarketTest.ManageProductsTest -->
