<?xml version="1.0" encoding="UTF-8"?>
<!-- Generated by org.testng.reporters.JUnitReportReporter -->
<testsuite hostname="HRISHIKESHSALU" failures="0" tests="1" name="com.sevenRMartSuperMarketTest.PushNotificationsTest" time="22.586" errors="0" timestamp="2023-04-27T13:52:39 IST" skipped="0">
  <testcase classname="com.sevenRMartSuperMarketTest.PushNotificationsTest" name="verifyAnAlertMessageIsSendByEnteringTitleAndDescriptionAndClickSend" time="22.586"/>
  <system-out/>
</testsuite> <!-- com.sevenRMartSuperMarketTest.PushNotificationsTest -->
