<?xml version="1.0" encoding="UTF-8"?>
<!-- Generated by org.testng.reporters.JUnitReportReporter -->
<testsuite skipped="0" hostname="HRISHIKESHSALU" name="com.sevenRMartSuperMarketTestScripts.AdminUsersTest" tests="2" failures="0" timestamp="2023-05-05T20:11:38 IST" time="25.246" errors="0">
  <testcase name="VerifyNewAdminUserCanBeAddedInAdminUsersTableByClickingNewButton" time="14.999" classname="com.sevenRMartSuperMarketTestScripts.AdminUsersTest"/>
  <system-out/>
  <testcase name="toCheckNewAdminUserAddedIsAvailableInAdminUsersTableByClickingSearchButton" time="10.247" classname="com.sevenRMartSuperMarketTestScripts.AdminUsersTest"/>
  <system-out/>
</testsuite> <!-- com.sevenRMartSuperMarketTestScripts.AdminUsersTest -->
