<?xml version="1.0" encoding="UTF-8"?>
<!-- Generated by org.testng.reporters.JUnitReportReporter -->
<testsuite skipped="0" hostname="HRISHIKESHSALU" name="com.sevenRMartSuperMarketTestScripts.SiteNameTest" tests="2" failures="0" timestamp="2023-05-05T20:11:38 IST" time="30.279" errors="0">
  <testcase name="verifyTheFontColorOfsiteNameIsWhite" time="14.758" classname="com.sevenRMartSuperMarketTestScripts.SiteNameTest"/>
  <system-out/>
  <testcase name="verifySiteNameIsDisplayedCorrectlyInHomePageByFetchingTextOfSiteName" time="15.521" classname="com.sevenRMartSuperMarketTestScripts.SiteNameTest"/>
  <system-out/>
</testsuite> <!-- com.sevenRMartSuperMarketTestScripts.SiteNameTest -->
