<?xml version="1.0" encoding="UTF-8"?>
<!-- Generated by org.testng.reporters.JUnitReportReporter -->
<testsuite hostname="HRISHIKESHSALU" failures="0" tests="1" name="com.sevenRMartSuperMarketTestScripts.HomePageTest" time="19.511" errors="0" timestamp="2023-04-30T11:33:09 IST" skipped="0">
  <testcase classname="com.sevenRMartSuperMarketTestScripts.HomePageTest" name="getStylePropertyColorOfMoreInfoInHomePage" time="19.511"/>
  <system-out/>
</testsuite> <!-- com.sevenRMartSuperMarketTestScripts.HomePageTest -->
