<?xml version="1.0" encoding="UTF-8"?>
<!-- Generated by org.testng.reporters.JUnitReportReporter -->
<testsuite hostname="HRISHIKESHSALU" failures="0" tests="1" name="com.sevenRMartSuperMarketTest.PushNotificationsTest" time="5.710" errors="0" timestamp="2023-04-18T12:29:17 IST" skipped="0">
  <testcase classname="com.sevenRMartSuperMarketTest.PushNotificationsTest" name="pushNotifications" time="5.710"/>
  <system-out/>
</testsuite> <!-- com.sevenRMartSuperMarketTest.PushNotificationsTest -->
