<?xml version="1.0" encoding="UTF-8"?>
<!-- Generated by org.testng.reporters.JUnitReportReporter -->
<testsuite hostname="HRISHIKESHSALU" failures="0" tests="2" name="com.sevenRMartSuperMarketTestScripts.ManageOfferCodeTest" time="48.859" errors="0" timestamp="2023-04-30T11:33:09 IST" skipped="0">
  <testcase classname="com.sevenRMartSuperMarketTestScripts.ManageOfferCodeTest" name="verifyNewOfferCodeCanBeAddedByEnteringOfferInformation" time="25.708"/>
  <system-out/>
  <testcase classname="com.sevenRMartSuperMarketTestScripts.ManageOfferCodeTest" name="verifyNewOfferCodeAddedIsDisplayedInListOfferCodeTable" time="23.151"/>
  <system-out/>
</testsuite> <!-- com.sevenRMartSuperMarketTestScripts.ManageOfferCodeTest -->
