<?xml version="1.0" encoding="UTF-8"?>
<!-- Generated by org.testng.reporters.JUnitReportReporter -->
<testsuite hostname="HRISHIKESHSALU" failures="0" tests="2" name="com.sevenRMartSuperMarketTestScripts.AdminUsersTest" time="40.769" errors="0" timestamp="2023-04-28T19:48:15 IST" skipped="0">
  <testcase classname="com.sevenRMartSuperMarketTestScripts.AdminUsersTest" name="searchAdminUsersInAdminUsersPage" time="20.178"/>
  <system-out/>
  <testcase classname="com.sevenRMartSuperMarketTestScripts.AdminUsersTest" name="VerifyNewAdminUserCanBeAddedInAdminUsersPage" time="20.591"/>
  <system-out/>
</testsuite> <!-- com.sevenRMartSuperMarketTestScripts.AdminUsersTest -->
