<?xml version="1.0" encoding="UTF-8"?>
<!-- Generated by org.testng.reporters.JUnitReportReporter -->
<testsuite hostname="HRISHIKESHSALU" failures="0" tests="2" name="com.sevenRMartSuperMarketTestScripts.AdminUsersTest" time="41.636" errors="0" timestamp="2023-04-30T11:33:09 IST" skipped="0">
  <testcase classname="com.sevenRMartSuperMarketTestScripts.AdminUsersTest" name="searchAdminUsersInAdminUsersPage" time="20.681"/>
  <system-out/>
  <testcase classname="com.sevenRMartSuperMarketTestScripts.AdminUsersTest" name="VerifyNewAdminUserCanBeAddedInAdminUsersPage" time="20.955"/>
  <system-out/>
</testsuite> <!-- com.sevenRMartSuperMarketTestScripts.AdminUsersTest -->
