<?xml version="1.0" encoding="UTF-8"?>
<!-- Generated by org.testng.reporters.JUnitReportReporter -->
<testsuite hostname="HRISHIKESHSALU" failures="0" tests="1" name="com.sevenRMartSuperMarketTestScripts.VerifyUsersTest" time="21.351" errors="0" timestamp="2023-04-28T14:55:59 IST" skipped="0">
  <testcase classname="com.sevenRMartSuperMarketTestScripts.VerifyUsersTest" name="verifyUsers" time="21.351"/>
  <system-out/>
</testsuite> <!-- com.sevenRMartSuperMarketTestScripts.VerifyUsersTest -->
