<?xml version="1.0" encoding="UTF-8"?>
<!-- Generated by org.testng.reporters.JUnitReportReporter -->
<testsuite skipped="0" hostname="HRISHIKESHSALU" name="com.sevenRMartSuperMarketTestScripts.VerifyUsersTest" tests="1" failures="0" timestamp="2023-05-05T20:11:38 IST" time="21.772" errors="0">
  <testcase name="verifyUserIsAvailableInListUsersTableByClickingSearchButtonAndEnteringValueInNameField" time="21.772" classname="com.sevenRMartSuperMarketTestScripts.VerifyUsersTest"/>
  <system-out/>
</testsuite> <!-- com.sevenRMartSuperMarketTestScripts.VerifyUsersTest -->
