<?xml version="1.0" encoding="UTF-8"?>
<!-- Generated by org.testng.reporters.JUnitReportReporter -->
<testsuite hostname="HRISHIKESHSALU" failures="0" tests="4" name="com.sevenRMartSuperMarketTestScripts.LoginTest" time="76.449" errors="0" timestamp="2023-04-28T14:55:59 IST" skipped="0">
  <testcase classname="com.sevenRMartSuperMarketTestScripts.LoginTest" name="loginWithValidCredentials" time="19.170"/>
  <system-out/>
  <testcase classname="com.sevenRMartSuperMarketTestScripts.LoginTest" name="loginWithInValidCredentials" time="19.322"/>
  <system-out/>
  <testcase classname="com.sevenRMartSuperMarketTestScripts.LoginTest" name="loginWithInValidCredentials" time="18.862"/>
  <system-out/>
  <testcase classname="com.sevenRMartSuperMarketTestScripts.LoginTest" name="loginWithInValidCredentials" time="19.095"/>
  <system-out/>
</testsuite> <!-- com.sevenRMartSuperMarketTestScripts.LoginTest -->
