<?xml version="1.0" encoding="UTF-8"?>
<!-- Generated by org.testng.reporters.JUnitReportReporter -->
<testsuite hostname="HRISHIKESHSALU" failures="0" tests="2" name="com.sevenRMartSuperMarketTestScripts.SiteNameTest" time="39.250" errors="0" timestamp="2023-04-28T17:20:31 IST" skipped="0">
  <testcase classname="com.sevenRMartSuperMarketTestScripts.SiteNameTest" name="getFontsizeOfsiteName" time="20.053"/>
  <system-out/>
  <testcase classname="com.sevenRMartSuperMarketTestScripts.SiteNameTest" name="siteName" time="19.197"/>
  <system-out/>
</testsuite> <!-- com.sevenRMartSuperMarketTestScripts.SiteNameTest -->
