<?xml version="1.0" encoding="UTF-8"?>
<!-- Generated by org.testng.reporters.JUnitReportReporter -->
<testsuite hostname="HRISHIKESHSALU" failures="0" tests="3" name="com.sevenRMartSuperMarketTest.ManageUsersTest" time="16.885" errors="0" timestamp="2023-04-20T16:02:28 IST" skipped="0">
  <testcase classname="com.sevenRMartSuperMarketTest.ManageUsersTest" name="manageUsersSearchButtonBackGround" time="5.749"/>
  <system-out/>
  <testcase classname="com.sevenRMartSuperMarketTest.ManageUsersTest" name="searchUsersInManageUsers" time="4.931"/>
  <system-out/>
  <testcase classname="com.sevenRMartSuperMarketTest.ManageUsersTest" name="manageUsersResetButtonBorderColor" time="6.205"/>
  <system-out/>
</testsuite> <!-- com.sevenRMartSuperMarketTest.ManageUsersTest -->
