<?xml version="1.0" encoding="UTF-8"?>
<!-- Generated by org.testng.reporters.JUnitReportReporter -->
<testsuite hostname="HRISHIKESHSALU" failures="0" tests="3" name="com.sevenRMartSuperMarketTest.ManageUsersTest" time="27.380" errors="0" timestamp="2023-04-22T17:37:06 IST" skipped="0">
  <testcase classname="com.sevenRMartSuperMarketTest.ManageUsersTest" name="manageUsersResetButtonBorderColor" time="6.958"/>
  <system-out/>
  <testcase classname="com.sevenRMartSuperMarketTest.ManageUsersTest" name="searchUsersInManageUsers" time="10.953"/>
  <system-out/>
  <testcase classname="com.sevenRMartSuperMarketTest.ManageUsersTest" name="manageUsersSearchButtonBackGround" time="9.469"/>
  <system-out/>
</testsuite> <!-- com.sevenRMartSuperMarketTest.ManageUsersTest -->
