<?xml version="1.0" encoding="UTF-8"?>
<!-- Generated by org.testng.reporters.JUnitReportReporter -->
<testsuite hostname="HRISHIKESHSALU" failures="0" tests="3" name="com.sevenRMartSuperMarketTest.ManageUsersTest" time="58.851" errors="0" timestamp="2023-04-27T13:52:39 IST" skipped="0">
  <testcase classname="com.sevenRMartSuperMarketTest.ManageUsersTest" name="searchUsersInManageUsers" time="20.945"/>
  <system-out/>
  <testcase classname="com.sevenRMartSuperMarketTest.ManageUsersTest" name="manageUsersResetButtonBorderColor" time="18.606"/>
  <system-out/>
  <testcase classname="com.sevenRMartSuperMarketTest.ManageUsersTest" name="manageUsersSearchButtonBackGround" time="19.300"/>
  <system-out/>
</testsuite> <!-- com.sevenRMartSuperMarketTest.ManageUsersTest -->
