<?xml version="1.0" encoding="UTF-8"?>
<!-- Generated by org.testng.reporters.JUnitReportReporter -->
<testsuite skipped="0" hostname="HRISHIKESHSALU" name="com.sevenRMartSuperMarketTestScripts.ManageProductsTest" tests="2" failures="0" timestamp="2023-05-05T20:11:38 IST" time="32.132" errors="0">
  <testcase name="verifyRadioButtonsInAddProductTypePageIsEnabled" time="16.593" classname="com.sevenRMartSuperMarketTestScripts.ManageProductsTest"/>
  <system-out/>
  <testcase name="verifyRandomDataIsGeneratedForCategoryAndSubCategorydropDownButtonInAddProductInformationFormByClickingCategoryAndSubCategory" time="15.539" classname="com.sevenRMartSuperMarketTestScripts.ManageProductsTest"/>
  <system-out/>
</testsuite> <!-- com.sevenRMartSuperMarketTestScripts.ManageProductsTest -->
