<?xml version="1.0" encoding="UTF-8"?>
<!-- Generated by org.testng.reporters.JUnitReportReporter -->
<testsuite hostname="HRISHIKESHSALU" failures="0" tests="1" name="com.sevenRMartSuperMarketTest.ManageSliderTest" time="21.007" errors="0" timestamp="2023-04-27T15:26:54 IST" skipped="0">
  <testcase classname="com.sevenRMartSuperMarketTest.ManageSliderTest" name="deleteSliderFromListSliderTable" time="21.007"/>
  <system-out/>
</testsuite> <!-- com.sevenRMartSuperMarketTest.ManageSliderTest -->
