<?xml version="1.0" encoding="UTF-8"?>
<!-- Generated by org.testng.reporters.JUnitReportReporter -->
<testsuite hostname="HRISHIKESHSALU" failures="0" tests="2" name="com.sevenRMartSuperMarketTest.ManagePaymentMethodsTest" time="39.514" errors="0" timestamp="2023-04-27T13:52:39 IST" skipped="0">
  <testcase classname="com.sevenRMartSuperMarketTest.ManagePaymentMethodsTest" name="managePaymentMethodsAction" time="20.396"/>
  <system-out/>
  <testcase classname="com.sevenRMartSuperMarketTest.ManagePaymentMethodsTest" name="managePaymentMethodsType" time="19.118"/>
  <system-out/>
</testsuite> <!-- com.sevenRMartSuperMarketTest.ManagePaymentMethodsTest -->
