<?xml version="1.0" encoding="UTF-8"?>
<!-- Generated by org.testng.reporters.JUnitReportReporter -->
<testsuite hostname="HRISHIKESHSALU" failures="0" tests="4" name="com.sevenRMartSuperMarketTest.Verify_LoginTest" time="12.562" errors="0" timestamp="2023-04-18T12:29:17 IST" skipped="0">
  <testcase classname="com.sevenRMartSuperMarketTest.Verify_LoginTest" name="loginWithValidCredentials" time="3.553"/>
  <system-out/>
  <testcase classname="com.sevenRMartSuperMarketTest.Verify_LoginTest" name="loginWithValidCredentials" time="3.240"/>
  <system-out/>
  <testcase classname="com.sevenRMartSuperMarketTest.Verify_LoginTest" name="loginWithValidCredentials" time="2.842"/>
  <system-out/>
  <testcase classname="com.sevenRMartSuperMarketTest.Verify_LoginTest" name="loginWithValidCredentials" time="2.927"/>
  <system-out/>
</testsuite> <!-- com.sevenRMartSuperMarketTest.Verify_LoginTest -->
