<?xml version="1.0" encoding="UTF-8"?>
<!-- Generated by org.testng.reporters.JUnitReportReporter -->
<testsuite skipped="0" hostname="HRISHIKESHSALU" name="com.sevenRMartSuperMarketTestScripts.ManageSliderTest" tests="3" failures="0" timestamp="2023-05-05T20:11:38 IST" time="36.001" errors="0">
  <testcase name="verifyAnAlertMessageIsDisplayedByClickingDeleteButtonInListSlidersTable" time="12.557" classname="com.sevenRMartSuperMarketTestScripts.ManageSliderTest"/>
  <system-out/>
  <testcase name="verifyNewSlideraddedIsDispalyedInListSliderTableByFetchingLinkFromListSlidersTableAndCompareWithExpectedLinkValue" time="13.297" classname="com.sevenRMartSuperMarketTestScripts.ManageSliderTest"/>
  <system-out/>
  <testcase name="verifyAnalertMessageIsDisplayedByClickingNewButton_AndUploadImageByClickingChooseImageButton_AndEnterLinkInLinkField_AndClickSaveButton" time="10.147" classname="com.sevenRMartSuperMarketTestScripts.ManageSliderTest"/>
  <system-out/>
</testsuite> <!-- com.sevenRMartSuperMarketTestScripts.ManageSliderTest -->
