<?xml version="1.0" encoding="UTF-8"?>
<!-- Generated by org.testng.reporters.JUnitReportReporter -->
<testsuite skipped="0" hostname="HRISHIKESHSALU" name="com.sevenRMartSuperMarketTestScripts.MobileSliderTest" tests="1" failures="0" timestamp="2023-05-05T20:11:38 IST" time="10.281" errors="0">
  <testcase name="verifyAnAlertMessageIsDisplayedByClickingNewButtonAndSelectCategory_UploadImage_AndClickSaveButton" time="10.281" classname="com.sevenRMartSuperMarketTestScripts.MobileSliderTest"/>
  <system-out/>
</testsuite> <!-- com.sevenRMartSuperMarketTestScripts.MobileSliderTest -->
