<?xml version="1.0" encoding="UTF-8"?>
<!-- Generated by org.testng.reporters.JUnitReportReporter -->
<testsuite hostname="HRISHIKESHSALU" failures="0" tests="3" name="com.sevenRMartSuperMarketTestScripts.ManageUsersTest" time="63.094" errors="0" timestamp="2023-04-28T14:55:59 IST" skipped="0">
  <testcase classname="com.sevenRMartSuperMarketTestScripts.ManageUsersTest" name="manageUsersSearchButtonBackGround" time="20.991"/>
  <system-out/>
  <testcase classname="com.sevenRMartSuperMarketTestScripts.ManageUsersTest" name="manageUsersResetButtonBorderColor" time="20.100"/>
  <system-out/>
  <testcase classname="com.sevenRMartSuperMarketTestScripts.ManageUsersTest" name="searchUsersInManageUsers" time="22.003"/>
  <system-out/>
</testsuite> <!-- com.sevenRMartSuperMarketTestScripts.ManageUsersTest -->
