<?xml version="1.0" encoding="UTF-8"?>
<!-- Generated by org.testng.reporters.JUnitReportReporter -->
<testsuite hostname="HRISHIKESHSALU" failures="0" tests="2" name="com.sevenRMartSuperMarketTest.ManageUsersTest" time="12.341" errors="0" timestamp="2023-04-18T12:29:17 IST" skipped="0">
  <testcase classname="com.sevenRMartSuperMarketTest.ManageUsersTest" name="manageUsersSearchButtonBackGround" time="6.279"/>
  <system-out/>
  <testcase classname="com.sevenRMartSuperMarketTest.ManageUsersTest" name="manageUsersResetButtonBorderColor" time="6.062"/>
  <system-out/>
</testsuite> <!-- com.sevenRMartSuperMarketTest.ManageUsersTest -->
