<?xml version="1.0" encoding="UTF-8"?>
<!-- Generated by org.testng.reporters.JUnitReportReporter -->
<testsuite hostname="HRISHIKESHSALU" failures="0" tests="1" name="com.sevenRMartSuperMarketTest.VerifyUsersTest" time="10.106" errors="0" timestamp="2023-04-22T17:37:06 IST" skipped="0">
  <testcase classname="com.sevenRMartSuperMarketTest.VerifyUsersTest" name="verifyUsers" time="10.106"/>
  <system-out/>
</testsuite> <!-- com.sevenRMartSuperMarketTest.VerifyUsersTest -->
