<?xml version="1.0" encoding="UTF-8"?>
<!-- Generated by org.testng.reporters.JUnitReportReporter -->
<testsuite hostname="HRISHIKESHSALU" failures="0" tests="2" name="com.sevenRMartSuperMarketTestScripts.ManageProductsTest" time="43.515" errors="0" timestamp="2023-04-28T14:55:59 IST" skipped="0">
  <testcase classname="com.sevenRMartSuperMarketTestScripts.ManageProductsTest" name="manageProductsfaker" time="21.812"/>
  <system-out/>
  <testcase classname="com.sevenRMartSuperMarketTestScripts.ManageProductsTest" name="manageProductsAddProductTypeRadioButton" time="21.703"/>
  <system-out/>
</testsuite> <!-- com.sevenRMartSuperMarketTestScripts.ManageProductsTest -->
