<?xml version="1.0" encoding="UTF-8"?>
<!-- Generated by org.testng.reporters.JUnitReportReporter -->
<testsuite skipped="0" hostname="HRISHIKESHSALU" name="com.sevenRMartSuperMarketTestScripts.LoginTest" tests="4" failures="0" timestamp="2023-05-05T20:11:38 IST" time="39.235" errors="0">
  <testcase name="verifyUserCanloginByEnteringValidCredentialsAndCLickSignInButton" time="9.163" classname="com.sevenRMartSuperMarketTestScripts.LoginTest"/>
  <system-out/>
  <testcase name="VerifyAnAlertMessageIsShownByEnteringInValidCredentialsAndClickSignInButton" time="12.095" classname="com.sevenRMartSuperMarketTestScripts.LoginTest"/>
  <system-out/>
  <testcase name="VerifyAnAlertMessageIsShownByEnteringInValidCredentialsAndClickSignInButton" time="7.825" classname="com.sevenRMartSuperMarketTestScripts.LoginTest"/>
  <system-out/>
  <testcase name="VerifyAnAlertMessageIsShownByEnteringInValidCredentialsAndClickSignInButton" time="10.152" classname="com.sevenRMartSuperMarketTestScripts.LoginTest"/>
  <system-out/>
</testsuite> <!-- com.sevenRMartSuperMarketTestScripts.LoginTest -->
