<?xml version="1.0" encoding="UTF-8"?>
<!-- Generated by org.testng.reporters.JUnitReportReporter -->
<testsuite hostname="HRISHIKESHSALU" failures="0" tests="4" name="com.sevenRMartSuperMarketTestScripts.LoginTest" time="81.790" errors="0" timestamp="2023-04-30T11:33:09 IST" skipped="0">
  <testcase classname="com.sevenRMartSuperMarketTestScripts.LoginTest" name="loginWithValidCredentials" time="22.530"/>
  <system-out/>
  <testcase classname="com.sevenRMartSuperMarketTestScripts.LoginTest" name="loginWithInValidCredentials" time="19.548"/>
  <system-out/>
  <testcase classname="com.sevenRMartSuperMarketTestScripts.LoginTest" name="loginWithInValidCredentials" time="19.454"/>
  <system-out/>
  <testcase classname="com.sevenRMartSuperMarketTestScripts.LoginTest" name="loginWithInValidCredentials" time="20.258"/>
  <system-out/>
</testsuite> <!-- com.sevenRMartSuperMarketTestScripts.LoginTest -->
