<?xml version="1.0" encoding="UTF-8"?>
<!-- Generated by org.testng.reporters.JUnitReportReporter -->
<testsuite hostname="HRISHIKESHSALU" failures="0" tests="2" name="com.sevenRMartSuperMarketTestScripts.ManageProductsTest" time="45.161" errors="0" timestamp="2023-04-30T11:33:09 IST" skipped="0">
  <testcase classname="com.sevenRMartSuperMarketTestScripts.ManageProductsTest" name="manageProductsfaker" time="23.418"/>
  <system-out/>
  <testcase classname="com.sevenRMartSuperMarketTestScripts.ManageProductsTest" name="VerifyManageProducts_AddProductTypeRadioButtons" time="21.743"/>
  <system-out/>
</testsuite> <!-- com.sevenRMartSuperMarketTestScripts.ManageProductsTest -->
