<?xml version="1.0" encoding="UTF-8"?>
<!-- Generated by org.testng.reporters.JUnitReportReporter -->
<testsuite hostname="HRISHIKESHSALU" failures="0" tests="3" name="com.sevenRMartSuperMarketTest.ManageUsersTest" time="66.313" errors="0" timestamp="2023-04-22T19:49:21 IST" skipped="0">
  <testcase classname="com.sevenRMartSuperMarketTest.ManageUsersTest" name="searchUsersInManageUsers" time="22.329"/>
  <system-out/>
  <testcase classname="com.sevenRMartSuperMarketTest.ManageUsersTest" name="manageUsersResetButtonBorderColor" time="23.555"/>
  <system-out/>
  <testcase classname="com.sevenRMartSuperMarketTest.ManageUsersTest" name="manageUsersSearchButtonBackGround" time="20.429"/>
  <system-out/>
</testsuite> <!-- com.sevenRMartSuperMarketTest.ManageUsersTest -->
