<?xml version="1.0" encoding="UTF-8"?>
<!-- Generated by org.testng.reporters.JUnitReportReporter -->
<testsuite skipped="0" hostname="HRISHIKESHSALU" name="com.sevenRMartSuperMarketTestScripts.ManageOrdersTest" tests="4" failures="0" timestamp="2023-05-05T20:11:38 IST" time="57.364" errors="0">
  <testcase name="verifyStatusOfIOrderIsUpdatedByClickingChangeStatusInListOrderSTableAndSelectStausFromDropdownButtonThenClickUpdate" time="15.188" classname="com.sevenRMartSuperMarketTestScripts.ManageOrdersTest"/>
  <system-out/>
  <testcase name="verifyUsersGetAnAlertMessageByClickingDeleteButtonInListOrderTable" time="10.489" classname="com.sevenRMartSuperMarketTestScripts.ManageOrdersTest"/>
  <system-out/>
  <testcase name="verifyUsersCanViewOrderDetailsByClickingViewButtonInListOrdersTable" time="16.207" classname="com.sevenRMartSuperMarketTestScripts.ManageOrdersTest"/>
  <system-out/>
  <testcase name="verifydeliveryBoyForEveryOrderIsUpdatedInListOrderTableByClickingAssignDeliveryBoyAndSelectDeliverBoYfromDropDownButtonThenClickUpdate" time="15.480" classname="com.sevenRMartSuperMarketTestScripts.ManageOrdersTest"/>
  <system-out/>
</testsuite> <!-- com.sevenRMartSuperMarketTestScripts.ManageOrdersTest -->
