<?xml version="1.0" encoding="UTF-8"?>
<!-- Generated by org.testng.reporters.JUnitReportReporter -->
<testsuite skipped="0" hostname="HRISHIKESHSALU" name="com.sevenRMartSuperMarketTest.PushNotificationsTest" tests="1" failures="0" timestamp="2023-04-22T19:36:01 IST" time="21.811" errors="0">
  <testcase name="pushNotifications" time="21.811" classname="com.sevenRMartSuperMarketTest.PushNotificationsTest"/>
  <system-out/>
</testsuite> <!-- com.sevenRMartSuperMarketTest.PushNotificationsTest -->
