<?xml version="1.0" encoding="UTF-8"?>
<!-- Generated by org.testng.reporters.JUnitReportReporter -->
<testsuite skipped="0" hostname="HRISHIKESHSALU" name="com.sevenRMartSuperMarketTest.ManageOfferCodeTest" tests="1" failures="0" timestamp="2023-04-22T19:36:01 IST" time="21.926" errors="0">
  <testcase name="manageoffercode" time="21.926" classname="com.sevenRMartSuperMarketTest.ManageOfferCodeTest"/>
  <system-out/>
</testsuite> <!-- com.sevenRMartSuperMarketTest.ManageOfferCodeTest -->
