<?xml version="1.0" encoding="UTF-8"?>
<!-- Generated by org.testng.reporters.JUnitReportReporter -->
<testsuite skipped="0" hostname="HRISHIKESHSALU" name="com.sevenRMartSuperMarketTestScripts.ManageOrdersTest" tests="4" failures="0" timestamp="2023-04-30T12:37:28 IST" time="89.806" errors="0">
  <testcase name="verifydeliveryBoyIsAssignedForEverOrderCanBeUpdtedInListOrderTable" time="23.669" classname="com.sevenRMartSuperMarketTestScripts.ManageOrdersTest"/>
  <system-out/>
  <testcase name="verifyUsersCanAbleToDeleteOrderDetailsFromListOrderTable" time="21.911" classname="com.sevenRMartSuperMarketTestScripts.ManageOrdersTest"/>
  <system-out/>
  <testcase name="verifyUsersCanViewOrderDetailsInManageOrdersPageByClickingViewInListOrdersTable" time="21.644" classname="com.sevenRMartSuperMarketTestScripts.ManageOrdersTest"/>
  <system-out/>
  <testcase name="verifyChangeStausUpdatedIsUpdatedInListOrderTable" time="22.582" classname="com.sevenRMartSuperMarketTestScripts.ManageOrdersTest"/>
  <system-out/>
</testsuite> <!-- com.sevenRMartSuperMarketTestScripts.ManageOrdersTest -->
