<?xml version="1.0" encoding="UTF-8"?>
<!-- Generated by org.testng.reporters.JUnitReportReporter -->
<testsuite skipped="0" hostname="HRISHIKESHSALU" name="com.sevenRMartSuperMarketTestScripts.ManageSliderTest" tests="3" failures="0" timestamp="2023-04-28T20:03:56 IST" time="64.742" errors="0">
  <testcase name="deleteSliderFromListSliderTable" time="21.701" classname="com.sevenRMartSuperMarketTestScripts.ManageSliderTest"/>
  <system-out/>
  <testcase name="addNewSlideraddedIsDispalyedInListSliderTable" time="20.180" classname="com.sevenRMartSuperMarketTestScripts.ManageSliderTest"/>
  <system-out/>
  <testcase name="addNewSliderInListSliderTable" time="22.861" classname="com.sevenRMartSuperMarketTestScripts.ManageSliderTest"/>
  <system-out/>
</testsuite> <!-- com.sevenRMartSuperMarketTestScripts.ManageSliderTest -->
