<?xml version="1.0" encoding="UTF-8"?>
<!-- Generated by org.testng.reporters.JUnitReportReporter -->
<testsuite skipped="0" hostname="HRISHIKESHSALU" name="com.sevenRMartSuperMarketTestScripts.ManageSliderTest" tests="3" failures="0" timestamp="2023-04-30T12:37:28 IST" time="66.580" errors="0">
  <testcase name="addNewSliderInListSliderTable" time="23.569" classname="com.sevenRMartSuperMarketTestScripts.ManageSliderTest"/>
  <system-out/>
  <testcase name="deleteSliderFromListSliderTable" time="21.816" classname="com.sevenRMartSuperMarketTestScripts.ManageSliderTest"/>
  <system-out/>
  <testcase name="addNewSlideraddedIsDispalyedInListSliderTable" time="21.195" classname="com.sevenRMartSuperMarketTestScripts.ManageSliderTest"/>
  <system-out/>
</testsuite> <!-- com.sevenRMartSuperMarketTestScripts.ManageSliderTest -->
