<?xml version="1.0" encoding="UTF-8"?>
<!-- Generated by org.testng.reporters.JUnitReportReporter -->
<testsuite skipped="0" hostname="HRISHIKESHSALU" name="com.sevenRMartSuperMarketTestScripts.LoginTest" tests="4" failures="0" timestamp="2023-04-28T20:03:56 IST" time="94.872" errors="0">
  <testcase name="loginWithValidCredentials" time="23.922" classname="com.sevenRMartSuperMarketTestScripts.LoginTest"/>
  <system-out/>
  <testcase name="loginWithInValidCredentials" time="24.526" classname="com.sevenRMartSuperMarketTestScripts.LoginTest"/>
  <system-out/>
  <testcase name="loginWithInValidCredentials" time="22.718" classname="com.sevenRMartSuperMarketTestScripts.LoginTest"/>
  <system-out/>
  <testcase name="loginWithInValidCredentials" time="23.706" classname="com.sevenRMartSuperMarketTestScripts.LoginTest"/>
  <system-out/>
</testsuite> <!-- com.sevenRMartSuperMarketTestScripts.LoginTest -->
