<?xml version="1.0" encoding="UTF-8"?>
<!-- Generated by org.testng.reporters.JUnitReportReporter -->
<testsuite skipped="0" hostname="HRISHIKESHSALU" name="com.sevenRMartSuperMarketTest.LoginTest" tests="4" failures="0" timestamp="2023-04-22T19:36:01 IST" time="82.510" errors="0">
  <testcase name="loginWithValidCredentials" time="20.815" classname="com.sevenRMartSuperMarketTest.LoginTest"/>
  <system-out/>
  <testcase name="loginWithInValidCredentials" time="20.180" classname="com.sevenRMartSuperMarketTest.LoginTest"/>
  <system-out/>
  <testcase name="loginWithInValidCredentials" time="20.641" classname="com.sevenRMartSuperMarketTest.LoginTest"/>
  <system-out/>
  <testcase name="loginWithInValidCredentials" time="20.874" classname="com.sevenRMartSuperMarketTest.LoginTest"/>
  <system-out/>
</testsuite> <!-- com.sevenRMartSuperMarketTest.LoginTest -->
