<?xml version="1.0" encoding="UTF-8"?>
<!-- Generated by org.testng.reporters.JUnitReportReporter -->
<testsuite skipped="0" hostname="HRISHIKESHSALU" name="com.sevenRMartSuperMarketTestScripts.VerifyUsersTest" tests="1" failures="0" timestamp="2023-04-28T20:03:56 IST" time="21.868" errors="0">
  <testcase name="verifyUsers" time="21.868" classname="com.sevenRMartSuperMarketTestScripts.VerifyUsersTest"/>
  <system-out/>
</testsuite> <!-- com.sevenRMartSuperMarketTestScripts.VerifyUsersTest -->
