<?xml version="1.0" encoding="UTF-8"?>
<!-- Generated by org.testng.reporters.JUnitReportReporter -->
<testsuite skipped="0" hostname="HRISHIKESHSALU" name="com.sevenRMartSuperMarketTestScripts.ManageProductsTest" tests="2" failures="0" timestamp="2023-04-28T20:03:56 IST" time="47.815" errors="0">
  <testcase name="manageProductsAddProductTypeRadioButton" time="24.230" classname="com.sevenRMartSuperMarketTestScripts.ManageProductsTest"/>
  <system-out/>
  <testcase name="manageProductsfaker" time="23.585" classname="com.sevenRMartSuperMarketTestScripts.ManageProductsTest"/>
  <system-out/>
</testsuite> <!-- com.sevenRMartSuperMarketTestScripts.ManageProductsTest -->
