<?xml version="1.0" encoding="UTF-8"?>
<!-- Generated by org.testng.reporters.JUnitReportReporter -->
<testsuite skipped="0" hostname="HRISHIKESHSALU" name="com.sevenRMartSuperMarketTestScripts.HomePageTest" tests="1" failures="0" timestamp="2023-04-30T12:37:28 IST" time="22.632" errors="0">
  <testcase name="getStylePropertyColorOfMoreInfoInHomePage" time="22.632" classname="com.sevenRMartSuperMarketTestScripts.HomePageTest"/>
  <system-out/>
</testsuite> <!-- com.sevenRMartSuperMarketTestScripts.HomePageTest -->
