<?xml version="1.0" encoding="UTF-8"?>
<!-- Generated by org.testng.reporters.JUnitReportReporter -->
<testsuite skipped="0" hostname="HRISHIKESHSALU" name="com.sevenRMartSuperMarketTest.ManagePaymentMethodsTest" tests="2" failures="0" timestamp="2023-04-22T19:36:01 IST" time="51.716" errors="0">
  <testcase name="managePaymentMethodsType" time="28.045" classname="com.sevenRMartSuperMarketTest.ManagePaymentMethodsTest"/>
  <system-out/>
  <testcase name="managePaymentMethodsAction" time="23.671" classname="com.sevenRMartSuperMarketTest.ManagePaymentMethodsTest"/>
  <system-out/>
</testsuite> <!-- com.sevenRMartSuperMarketTest.ManagePaymentMethodsTest -->
