<?xml version="1.0" encoding="UTF-8"?>
<!-- Generated by org.testng.reporters.JUnitReportReporter -->
<testsuite skipped="0" hostname="HRISHIKESHSALU" name="com.sevenRMartSuperMarketTestScripts.ManagePaymentMethodsTest" tests="3" failures="0" timestamp="2023-04-28T20:03:56 IST" time="67.957" errors="0">
  <testcase name="managePaymentMethodsAction" time="23.420" classname="com.sevenRMartSuperMarketTestScripts.ManagePaymentMethodsTest"/>
  <system-out/>
  <testcase name="navigateBackToManagePayment" time="23.633" classname="com.sevenRMartSuperMarketTestScripts.ManagePaymentMethodsTest"/>
  <system-out/>
  <testcase name="managePaymentMethodsType" time="20.904" classname="com.sevenRMartSuperMarketTestScripts.ManagePaymentMethodsTest"/>
  <system-out/>
</testsuite> <!-- com.sevenRMartSuperMarketTestScripts.ManagePaymentMethodsTest -->
