<?xml version="1.0" encoding="UTF-8"?>
<!-- Generated by org.testng.reporters.JUnitReportReporter -->
<testsuite skipped="0" hostname="HRISHIKESHSALU" name="com.sevenRMartSuperMarketTestScripts.ManageUsersTest" tests="3" failures="0" timestamp="2023-04-28T20:03:56 IST" time="68.374" errors="0">
  <testcase name="searchUsersInManageUsers" time="22.579" classname="com.sevenRMartSuperMarketTestScripts.ManageUsersTest"/>
  <system-out/>
  <testcase name="manageUsersResetButtonBorderColor" time="22.559" classname="com.sevenRMartSuperMarketTestScripts.ManageUsersTest"/>
  <system-out/>
  <testcase name="manageUsersSearchButtonBackGround" time="23.236" classname="com.sevenRMartSuperMarketTestScripts.ManageUsersTest"/>
  <system-out/>
</testsuite> <!-- com.sevenRMartSuperMarketTestScripts.ManageUsersTest -->
