<?xml version="1.0" encoding="UTF-8"?>
<!-- Generated by org.testng.reporters.JUnitReportReporter -->
<testsuite skipped="0" hostname="HRISHIKESHSALU" name="com.sevenRMartSuperMarketTestScripts.ManageUsersTest" tests="3" failures="0" timestamp="2023-04-30T12:37:28 IST" time="74.446" errors="0">
  <testcase name="verifyManageUsersResetButtonBorderColor" time="24.931" classname="com.sevenRMartSuperMarketTestScripts.ManageUsersTest"/>
  <system-out/>
  <testcase name="VerifyUserIsAvailable_InListUsersTable_InManageUsersPage_ByClickingOnSearchButton" time="24.148" classname="com.sevenRMartSuperMarketTestScripts.ManageUsersTest"/>
  <system-out/>
  <testcase name="VerifyManageUsersSearchButtonBackGroundColor" time="25.367" classname="com.sevenRMartSuperMarketTestScripts.ManageUsersTest"/>
  <system-out/>
</testsuite> <!-- com.sevenRMartSuperMarketTestScripts.ManageUsersTest -->
