<?xml version="1.0" encoding="UTF-8"?>
<!-- Generated by org.testng.reporters.JUnitReportReporter -->
<testsuite skipped="0" hostname="HRISHIKESHSALU" name="com.sevenRMartSuperMarketTestScripts.ManageProductsTest" tests="2" failures="0" timestamp="2023-04-30T12:37:28 IST" time="50.612" errors="0">
  <testcase name="manageProductsfaker" time="25.253" classname="com.sevenRMartSuperMarketTestScripts.ManageProductsTest"/>
  <system-out/>
  <testcase name="VerifyManageProducts_AddProductTypeRadioButtons" time="25.359" classname="com.sevenRMartSuperMarketTestScripts.ManageProductsTest"/>
  <system-out/>
</testsuite> <!-- com.sevenRMartSuperMarketTestScripts.ManageProductsTest -->
