<?xml version="1.0" encoding="UTF-8"?>
<!-- Generated by org.testng.reporters.JUnitReportReporter -->
<testsuite skipped="0" hostname="HRISHIKESHSALU" name="com.sevenRMartSuperMarketTest.ManageProductsTest" tests="2" failures="0" timestamp="2023-04-22T19:36:01 IST" time="45.672" errors="0">
  <testcase name="manageProductsfaker" time="23.045" classname="com.sevenRMartSuperMarketTest.ManageProductsTest"/>
  <system-out/>
  <testcase name="manageProductsAddProductTypeRadioButton" time="22.627" classname="com.sevenRMartSuperMarketTest.ManageProductsTest"/>
  <system-out/>
</testsuite> <!-- com.sevenRMartSuperMarketTest.ManageProductsTest -->
