<?xml version="1.0" encoding="UTF-8"?>
<!-- Generated by org.testng.reporters.JUnitReportReporter -->
<testsuite skipped="0" hostname="HRISHIKESHSALU" name="com.sevenRMartSuperMarketTestScripts.ManageOfferCodeTest" tests="2" failures="0" timestamp="2023-04-30T12:37:28 IST" time="49.193" errors="0">
  <testcase name="verifyNewOfferCodeCanBeAddedByEnteringOfferInformation" time="25.109" classname="com.sevenRMartSuperMarketTestScripts.ManageOfferCodeTest"/>
  <system-out/>
  <testcase name="verifyNewOfferCodeAddedIsDisplayedInListOfferCodeTable" time="24.084" classname="com.sevenRMartSuperMarketTestScripts.ManageOfferCodeTest"/>
  <system-out/>
</testsuite> <!-- com.sevenRMartSuperMarketTestScripts.ManageOfferCodeTest -->
