<?xml version="1.0" encoding="UTF-8"?>
<!-- Generated by org.testng.reporters.JUnitReportReporter -->
<testsuite skipped="0" hostname="HRISHIKESHSALU" name="com.sevenRMartSuperMarketTestScripts.ManagePaymentMethodsTest" tests="3" failures="0" timestamp="2023-04-30T12:37:28 IST" time="72.917" errors="0">
  <testcase name="managePaymentMethodsAction" time="25.366" classname="com.sevenRMartSuperMarketTestScripts.ManagePaymentMethodsTest"/>
  <system-out/>
  <testcase name="managePaymentMethodsType" time="22.950" classname="com.sevenRMartSuperMarketTestScripts.ManagePaymentMethodsTest"/>
  <system-out/>
  <testcase name="navigateBackToManagePayment" time="24.601" classname="com.sevenRMartSuperMarketTestScripts.ManagePaymentMethodsTest"/>
  <system-out/>
</testsuite> <!-- com.sevenRMartSuperMarketTestScripts.ManagePaymentMethodsTest -->
