<?xml version="1.0" encoding="UTF-8"?>
<!-- Generated by org.testng.reporters.JUnitReportReporter -->
<testsuite skipped="0" hostname="HRISHIKESHSALU" name="com.sevenRMartSuperMarketTestScripts.MobileSliderTest" tests="2" failures="0" timestamp="2023-04-30T12:37:28 IST" time="44.084" errors="0">
  <testcase name="verifyNewMobileSlidercanBeSAddedByClickingNewInMobileSliderPage" time="23.475" classname="com.sevenRMartSuperMarketTestScripts.MobileSliderTest"/>
  <system-out/>
  <testcase name="verifyMobileSliderCanBeDeletedFromListMobileSlidersTableByClickingDeleteButtonInListMobileSliderTable" time="20.609" classname="com.sevenRMartSuperMarketTestScripts.MobileSliderTest"/>
  <system-out/>
</testsuite> <!-- com.sevenRMartSuperMarketTestScripts.MobileSliderTest -->
