<?xml version="1.0" encoding="UTF-8"?>
<!-- Generated by org.testng.reporters.JUnitReportReporter -->
<testsuite skipped="0" hostname="HRISHIKESHSALU" name="com.sevenRMartSuperMarketTest.SiteNameTest" tests="1" failures="0" timestamp="2023-04-22T19:36:01 IST" time="22.625" errors="0">
  <testcase name="siteName" time="22.625" classname="com.sevenRMartSuperMarketTest.SiteNameTest"/>
  <system-out/>
</testsuite> <!-- com.sevenRMartSuperMarketTest.SiteNameTest -->
