<?xml version="1.0" encoding="UTF-8"?>
<!-- Generated by org.testng.reporters.JUnitReportReporter -->
<testsuite skipped="0" hostname="HRISHIKESHSALU" name="com.sevenRMartSuperMarketTest.VerifyUsersTest" tests="1" failures="0" timestamp="2023-04-22T19:36:01 IST" time="26.650" errors="0">
  <testcase name="verifyUsers" time="26.650" classname="com.sevenRMartSuperMarketTest.VerifyUsersTest"/>
  <system-out/>
</testsuite> <!-- com.sevenRMartSuperMarketTest.VerifyUsersTest -->
