<?xml version="1.0" encoding="UTF-8"?>
<!-- Generated by org.testng.reporters.JUnitReportReporter -->
<testsuite skipped="0" hostname="HRISHIKESHSALU" name="com.sevenRMartSuperMarketTestScripts.PushNotificationsTest" tests="1" failures="0" timestamp="2023-04-30T12:37:28 IST" time="25.668" errors="0">
  <testcase name="verifyAnAlertMessageIsSendByEnteringTitleAndDescriptionAndClickSend" time="25.668" classname="com.sevenRMartSuperMarketTestScripts.PushNotificationsTest"/>
  <system-out/>
</testsuite> <!-- com.sevenRMartSuperMarketTestScripts.PushNotificationsTest -->
