<?xml version="1.0" encoding="UTF-8"?>
<!-- Generated by org.testng.reporters.JUnitReportReporter -->
<testsuite skipped="0" hostname="HRISHIKESHSALU" name="com.sevenRMartSuperMarketTestScripts.VerifyUsersTest" tests="1" failures="0" timestamp="2023-04-30T12:37:28 IST" time="23.801" errors="0">
  <testcase name="verifyUsers" time="23.801" classname="com.sevenRMartSuperMarketTestScripts.VerifyUsersTest"/>
  <system-out/>
</testsuite> <!-- com.sevenRMartSuperMarketTestScripts.VerifyUsersTest -->
