<?xml version="1.0" encoding="UTF-8"?>
<!-- Generated by org.testng.reporters.JUnitReportReporter -->
<testsuite skipped="0" hostname="HRISHIKESHSALU" name="com.sevenRMartSuperMarketTestScripts.SiteNameTest" tests="2" failures="0" timestamp="2023-04-28T20:03:56 IST" time="43.264" errors="0">
  <testcase name="getFontsizeOfsiteName" time="22.186" classname="com.sevenRMartSuperMarketTestScripts.SiteNameTest"/>
  <system-out/>
  <testcase name="siteName" time="21.078" classname="com.sevenRMartSuperMarketTestScripts.SiteNameTest"/>
  <system-out/>
</testsuite> <!-- com.sevenRMartSuperMarketTestScripts.SiteNameTest -->
