<?xml version="1.0" encoding="UTF-8"?>
<!-- Generated by org.testng.reporters.JUnitReportReporter -->
<testsuite skipped="0" hostname="HRISHIKESHSALU" name="com.sevenRMartSuperMarketTestScripts.AdminUsersTest" tests="2" failures="0" timestamp="2023-04-30T12:37:28 IST" time="42.239" errors="0">
  <testcase name="searchAdminUsersInAdminUsersPage" time="21.034" classname="com.sevenRMartSuperMarketTestScripts.AdminUsersTest"/>
  <system-out/>
  <testcase name="VerifyNewAdminUserCanBeAddedInAdminUsersPage" time="21.205" classname="com.sevenRMartSuperMarketTestScripts.AdminUsersTest"/>
  <system-out/>
</testsuite> <!-- com.sevenRMartSuperMarketTestScripts.AdminUsersTest -->
