<?xml version="1.0" encoding="UTF-8"?>
<!-- Generated by org.testng.reporters.JUnitReportReporter -->
<testsuite skipped="0" hostname="HRISHIKESHSALU" name="com.sevenRMartSuperMarketTestScripts.SiteNameTest" tests="2" failures="0" timestamp="2023-04-30T12:37:28 IST" time="46.043" errors="0">
  <testcase name="verifySiteNameIsDisplayedCorrectly" time="23.401" classname="com.sevenRMartSuperMarketTestScripts.SiteNameTest"/>
  <system-out/>
  <testcase name="getFontsizeOfsiteName" time="22.642" classname="com.sevenRMartSuperMarketTestScripts.SiteNameTest"/>
  <system-out/>
</testsuite> <!-- com.sevenRMartSuperMarketTestScripts.SiteNameTest -->
