<?xml version="1.0" encoding="UTF-8"?>
<!-- Generated by org.testng.reporters.JUnitReportReporter -->
<testsuite skipped="0" hostname="HRISHIKESHSALU" name="com.sevenRMartSuperMarketTestScripts.LoginTest" tests="4" failures="0" timestamp="2023-04-30T12:37:28 IST" time="84.185" errors="0">
  <testcase name="loginWithValidCredentials" time="21.787" classname="com.sevenRMartSuperMarketTestScripts.LoginTest"/>
  <system-out/>
  <testcase name="loginWithInValidCredentials" time="20.677" classname="com.sevenRMartSuperMarketTestScripts.LoginTest"/>
  <system-out/>
  <testcase name="loginWithInValidCredentials" time="20.663" classname="com.sevenRMartSuperMarketTestScripts.LoginTest"/>
  <system-out/>
  <testcase name="loginWithInValidCredentials" time="21.058" classname="com.sevenRMartSuperMarketTestScripts.LoginTest"/>
  <system-out/>
</testsuite> <!-- com.sevenRMartSuperMarketTestScripts.LoginTest -->
