<?xml version="1.0" encoding="UTF-8"?>
<!-- Generated by org.testng.reporters.JUnitReportReporter -->
<testsuite skipped="0" hostname="HRISHIKESHSALU" name="com.sevenRMartSuperMarketTestScripts.ManagePagesTest" tests="1" failures="0" timestamp="2023-04-30T12:37:28 IST" time="24.912" errors="0">
  <testcase name="serachPageIsPresentInListPagesTable" time="24.912" classname="com.sevenRMartSuperMarketTestScripts.ManagePagesTest"/>
  <system-out/>
</testsuite> <!-- com.sevenRMartSuperMarketTestScripts.ManagePagesTest -->
